<?xml version="1.0" encoding="UTF-8"?>
<testng-results ignored="0" total="2" passed="2" failed="0" skipped="0">
  <reporter-output>
  </reporter-output>
  <suite started-at="2022-10-10T20:27:20 IST" name="Suite" finished-at="2022-10-10T20:28:23 IST" duration-ms="63547">
    <groups>
    </groups>
    <test started-at="2022-10-10T20:27:20 IST" name="Test" finished-at="2022-10-10T20:28:23 IST" duration-ms="63547">
      <class name="testClasses.VerifyUserCanLogin">
        <test-method is-config="true" signature="beforeClass()[pri:0, instance:testClasses.VerifyUserCanLogin@b62d79]" started-at="2022-10-10T20:27:20 IST" name="beforeClass" finished-at="2022-10-10T20:28:09 IST" duration-ms="49288" status="PASS">
          <reporter-output>
          </reporter-output>
        </test-method> <!-- beforeClass -->
        <test-method is-config="true" signature="beforeMethod()[pri:0, instance:testClasses.VerifyUserCanLogin@b62d79]" started-at="2022-10-10T20:28:09 IST" name="beforeMethod" finished-at="2022-10-10T20:28:09 IST" duration-ms="68" status="PASS">
          <reporter-output>
          </reporter-output>
        </test-method> <!-- beforeMethod -->
        <test-method signature="VerifyUserLogin()[pri:0, instance:testClasses.VerifyUserCanLogin@b62d79]" started-at="2022-10-10T20:28:09 IST" name="VerifyUserLogin" finished-at="2022-10-10T20:28:14 IST" duration-ms="5094" status="PASS">
          <reporter-output>
          </reporter-output>
        </test-method> <!-- VerifyUserLogin -->
        <test-method is-config="true" signature="afterMethod()[pri:0, instance:testClasses.VerifyUserCanLogin@b62d79]" started-at="2022-10-10T20:28:14 IST" name="afterMethod" finished-at="2022-10-10T20:28:14 IST" duration-ms="0" status="PASS">
          <reporter-output>
          </reporter-output>
        </test-method> <!-- afterMethod -->
        <test-method is-config="true" signature="afterClass()[pri:0, instance:testClasses.VerifyUserCanLogin@b62d79]" started-at="2022-10-10T20:28:14 IST" name="afterClass" finished-at="2022-10-10T20:28:14 IST" duration-ms="0" status="PASS">
          <reporter-output>
          </reporter-output>
        </test-method> <!-- afterClass -->
      </class> <!-- testClasses.VerifyUserCanLogin -->
      <class name="testClasses.VerifyUserCanGetLowsetPriceProduct">
        <test-method is-config="true" signature="beforeClass()[pri:0, instance:testClasses.VerifyUserCanGetLowsetPriceProduct@31e5415e]" started-at="2022-10-10T20:28:14 IST" name="beforeClass" finished-at="2022-10-10T20:28:14 IST" duration-ms="0" status="PASS">
          <reporter-output>
          </reporter-output>
        </test-method> <!-- beforeClass -->
        <test-method is-config="true" signature="beforeMethod()[pri:0, instance:testClasses.VerifyUserCanGetLowsetPriceProduct@31e5415e]" started-at="2022-10-10T20:28:14 IST" name="beforeMethod" finished-at="2022-10-10T20:28:14 IST" duration-ms="1" status="PASS">
          <reporter-output>
          </reporter-output>
        </test-method> <!-- beforeMethod -->
        <test-method signature="VerifyUserGetLowestPriceProduct()[pri:0, instance:testClasses.VerifyUserCanGetLowsetPriceProduct@31e5415e]" started-at="2022-10-10T20:28:14 IST" name="VerifyUserGetLowestPriceProduct" finished-at="2022-10-10T20:28:23 IST" duration-ms="8973" status="PASS">
          <reporter-output>
          </reporter-output>
        </test-method> <!-- VerifyUserGetLowestPriceProduct -->
        <test-method is-config="true" signature="afterMethod()[pri:0, instance:testClasses.VerifyUserCanGetLowsetPriceProduct@31e5415e]" started-at="2022-10-10T20:28:23 IST" name="afterMethod" finished-at="2022-10-10T20:28:23 IST" duration-ms="1" status="PASS">
          <reporter-output>
          </reporter-output>
        </test-method> <!-- afterMethod -->
        <test-method is-config="true" signature="afterClass()[pri:0, instance:testClasses.VerifyUserCanGetLowsetPriceProduct@31e5415e]" started-at="2022-10-10T20:28:23 IST" name="afterClass" finished-at="2022-10-10T20:28:23 IST" duration-ms="1" status="PASS">
          <reporter-output>
          </reporter-output>
        </test-method> <!-- afterClass -->
      </class> <!-- testClasses.VerifyUserCanGetLowsetPriceProduct -->
    </test> <!-- Test -->
  </suite> <!-- Suite -->
</testng-results>
